<html>
<head>
<title>TestNG:  Surefire test</title>
<link href="../testng.css" rel="stylesheet" type="text/css" />
<link href="../my-testng.css" rel="stylesheet" type="text/css" />

<style type="text/css">
.log { display: none;} 
.stack-trace { display: none;} 
</style>
<script type="text/javascript">
<!--
function flip(e) {
  current = e.style.display;
  if (current == 'block') {
    e.style.display = 'none';
    return 0;
  }
  else {
    e.style.display = 'block';
    return 1;
  }
}

function toggleBox(szDivId, elem, msg1, msg2)
{
  var res = -1;  if (document.getElementById) {
    res = flip(document.getElementById(szDivId));
  }
  else if (document.all) {
    // this is the way old msie versions work
    res = flip(document.all[szDivId]);
  }
  if(elem) {
    if(res == 0) elem.innerHTML = msg1; else elem.innerHTML = msg2;
  }

}

function toggleAllBoxes() {
  if (document.getElementsByTagName) {
    d = document.getElementsByTagName('div');
    for (i = 0; i < d.length; i++) {
      if (d[i].className == 'log') {
        flip(d[i]);
      }
    }
  }
}

// -->
</script>

</head>
<body>
<h2 align='center'>Surefire test</h2><table border='1' align="center">
<tr>
<td>Tests passed/Failed/Skipped:</td><td>10/5/0</td>
</tr><tr>
<td>Started on:</td><td>Wed Dec 14 13:42:21 EET 2022</td>
</tr>
<tr><td>Total time:</td><td>245 seconds (245934 ms)</td>
</tr><tr>
<td>Included groups:</td><td></td>
</tr><tr>
<td>Excluded groups:</td><td></td>
</tr>
</table><p/>
<small><i>(Hover the method name to see the test class name)</i></small><p/>
<table width='100%' border='1' class='invocation-failed'>
<tr><td colspan='4' align='center'><b>FAILED TESTS</b></td></tr>
<tr><td><b>Test method</b></td>
<td width="30%"><b>Exception</b></td>
<td width="10%"><b>Time (seconds)</b></td>
<td><b>Instance</b></td>
</tr>
<tr>
<td title='org.example.testRunner.runners.runScenario()'><b>runScenario</b><br>Test class: org.example.testRunner.runners<br>Test method: Runs Cucumber Scenarios<br>Parameters: "Logged user could add different products to compare list", "Logged user could add different products to compare list"</td>
<td><div><pre>java.lang.AssertionError: The following asserts failed:
	expected [true] but found [false]
	at org.example.stepDefs.D11_Compare.userAddMobileToCompareList(D11_Compare.java:22)
	at ?.user add mobile to compare list(file:///C:/Users/DELL/Desktop/demonopcommerceProject112/src/main/resources/features/F111-Compare%20.feature:16)
... Removed 2 stack frames</pre></div><a href='#' onClick='toggleBox("stack-trace830381116", this, "Click to show all stack frames", "Click to hide stack frames")'>Click to show all stack frames</a>
<div class='stack-trace' id='stack-trace830381116'><pre>java.lang.AssertionError: The following asserts failed:
	expected [true] but found [false]
	at org.testng.asserts.SoftAssert.assertAll(SoftAssert.java:46)
	at org.testng.asserts.SoftAssert.assertAll(SoftAssert.java:30)
	at org.example.stepDefs.D11_Compare.userAddMobileToCompareList(D11_Compare.java:22)
	at ?.user add mobile to compare list(file:///C:/Users/DELL/Desktop/demonopcommerceProject112/src/main/resources/features/F111-Compare%20.feature:16)
</pre></div></td>
<td>15</td>
<td>org.example.testRunner.runners@42f93a98</td></tr>
<tr>
<td title='org.example.testRunner.runners.runScenario()'><b>runScenario</b><br>Test class: org.example.testRunner.runners<br>Test method: Runs Cucumber Scenarios<br>Parameters: "Logged user could Update Quantity, Remove Product", "Logged user could (Add Product/s, Update Quantity, Remove Product)"</td>
<td><div><pre>java.lang.AssertionError: The following asserts failed:
	expected [true] but found [false]
	at org.example.stepDefs.D9_Shoping.userAddMobileToShoppingCart(D9_Shoping.java:70)
	at ?.user add mobile to Shopping cart(file:///C:/Users/DELL/Desktop/demonopcommerceProject112/src/main/resources/features/F19-ShoppingCart.feature:27)
... Removed 2 stack frames</pre></div><a href='#' onClick='toggleBox("stack-trace71208732", this, "Click to show all stack frames", "Click to hide stack frames")'>Click to show all stack frames</a>
<div class='stack-trace' id='stack-trace71208732'><pre>java.lang.AssertionError: The following asserts failed:
	expected [true] but found [false]
	at org.testng.asserts.SoftAssert.assertAll(SoftAssert.java:46)
	at org.testng.asserts.SoftAssert.assertAll(SoftAssert.java:30)
	at org.example.stepDefs.D9_Shoping.userAddMobileToShoppingCart(D9_Shoping.java:70)
	at ?.user add mobile to Shopping cart(file:///C:/Users/DELL/Desktop/demonopcommerceProject112/src/main/resources/features/F19-ShoppingCart.feature:27)
</pre></div></td>
<td>19</td>
<td>org.example.testRunner.runners@42f93a98</td></tr>
<tr>
<td title='org.example.testRunner.runners.runScenario()'><b>runScenario</b><br>Test class: org.example.testRunner.runners<br>Test method: Runs Cucumber Scenarios<br>Parameters: "Logged user could add different products to Shopping cart", "Logged user could (Add Product/s, Update Quantity, Remove Product)"</td>
<td><div><pre>java.lang.AssertionError: The following asserts failed:
	expected [true] but found [false]
	at org.example.stepDefs.D9_Shoping.addItemsToShop(D9_Shoping.java:28)
	at ?.user add item to Shopping cart(file:///C:/Users/DELL/Desktop/demonopcommerceProject112/src/main/resources/features/F19-ShoppingCart.feature:14)
... Removed 2 stack frames</pre></div><a href='#' onClick='toggleBox("stack-trace150306380", this, "Click to show all stack frames", "Click to hide stack frames")'>Click to show all stack frames</a>
<div class='stack-trace' id='stack-trace150306380'><pre>java.lang.AssertionError: The following asserts failed:
	expected [true] but found [false]
	at org.testng.asserts.SoftAssert.assertAll(SoftAssert.java:46)
	at org.testng.asserts.SoftAssert.assertAll(SoftAssert.java:30)
	at org.example.stepDefs.D9_Shoping.addItemsToShop(D9_Shoping.java:28)
	at ?.user add item to Shopping cart(file:///C:/Users/DELL/Desktop/demonopcommerceProject112/src/main/resources/features/F19-ShoppingCart.feature:14)
</pre></div></td>
<td>19</td>
<td>org.example.testRunner.runners@42f93a98</td></tr>
<tr>
<td title='org.example.testRunner.runners.runScenario()'><b>runScenario</b><br>Test class: org.example.testRunner.runners<br>Test method: Runs Cucumber Scenarios<br>Parameters: "Logged user can Create successful Order", "Logged user could Create Successful Order"</td>
<td><div><pre>java.lang.AssertionError: The following asserts failed:
	expected [true] but found [false]
	at org.example.stepDefs.D9_Shoping.userAddMobileToShoppingCart(D9_Shoping.java:70)
	at ?.user add mobile to Shopping cart(file:///C:/Users/DELL/Desktop/demonopcommerceProject112/src/main/resources/features/F112-SuccessfulOrder.feature:17)
... Removed 2 stack frames</pre></div><a href='#' onClick='toggleBox("stack-trace2051562038", this, "Click to show all stack frames", "Click to hide stack frames")'>Click to show all stack frames</a>
<div class='stack-trace' id='stack-trace2051562038'><pre>java.lang.AssertionError: The following asserts failed:
	expected [true] but found [false]
	at org.testng.asserts.SoftAssert.assertAll(SoftAssert.java:46)
	at org.testng.asserts.SoftAssert.assertAll(SoftAssert.java:30)
	at org.example.stepDefs.D9_Shoping.userAddMobileToShoppingCart(D9_Shoping.java:70)
	at ?.user add mobile to Shopping cart(file:///C:/Users/DELL/Desktop/demonopcommerceProject112/src/main/resources/features/F112-SuccessfulOrder.feature:17)
</pre></div></td>
<td>19</td>
<td>org.example.testRunner.runners@42f93a98</td></tr>
<tr>
<td title='org.example.testRunner.runners.runScenario()'><b>runScenario</b><br>Test class: org.example.testRunner.runners<br>Test method: Runs Cucumber Scenarios<br>Parameters: "Logged user could add different products to Wishlist", "Logged user could add different products to Wishlist"</td>
<td><div><pre>java.lang.AssertionError: The following asserts failed:
	expected [true] but found [false]
	at org.example.stepDefs.D10_Wish.userAddItemToWishlist(D10_Wish.java:22)
	at ?.user add item to Wishlist(file:///C:/Users/DELL/Desktop/demonopcommerceProject112/src/main/resources/features/F110-Wishlist.feature:14)
... Removed 2 stack frames</pre></div><a href='#' onClick='toggleBox("stack-trace276777344", this, "Click to show all stack frames", "Click to hide stack frames")'>Click to show all stack frames</a>
<div class='stack-trace' id='stack-trace276777344'><pre>java.lang.AssertionError: The following asserts failed:
	expected [true] but found [false]
	at org.testng.asserts.SoftAssert.assertAll(SoftAssert.java:46)
	at org.testng.asserts.SoftAssert.assertAll(SoftAssert.java:30)
	at org.example.stepDefs.D10_Wish.userAddItemToWishlist(D10_Wish.java:22)
	at ?.user add item to Wishlist(file:///C:/Users/DELL/Desktop/demonopcommerceProject112/src/main/resources/features/F110-Wishlist.feature:14)
</pre></div></td>
<td>20</td>
<td>org.example.testRunner.runners@42f93a98</td></tr>
</table><p>
<table width='100%' border='1' class='invocation-passed'>
<tr><td colspan='4' align='center'><b>PASSED TESTS</b></td></tr>
<tr><td><b>Test method</b></td>
<td width="30%"><b>Exception</b></td>
<td width="10%"><b>Time (seconds)</b></td>
<td><b>Instance</b></td>
</tr>
<tr>
<td title='org.example.testRunner.runners.runScenario()'><b>runScenario</b><br>Test class: org.example.testRunner.runners<br>Test method: Runs Cucumber Scenarios<br>Parameters: "Logged user could select different Categories", "User could Select different Categories"</td>
<td></td>
<td>27</td>
<td>org.example.testRunner.runners@42f93a98</td></tr>
<tr>
<td title='org.example.testRunner.runners.runScenario()'><b>runScenario</b><br>Test class: org.example.testRunner.runners<br>Test method: Runs Cucumber Scenarios<br>Parameters: "Logged user could select different tags", "Logged user could Select different Tags"</td>
<td></td>
<td>16</td>
<td>org.example.testRunner.runners@42f93a98</td></tr>
<tr>
<td title='org.example.testRunner.runners.runScenario()'><b>runScenario</b><br>Test class: org.example.testRunner.runners<br>Test method: Runs Cucumber Scenarios<br>Parameters: "User could register with valid data", "Customer Registration"</td>
<td></td>
<td>18</td>
<td>org.example.testRunner.runners@42f93a98</td></tr>
<tr>
<td title='org.example.testRunner.runners.runScenario()'><b>runScenario</b><br>Test class: org.example.testRunner.runners<br>Test method: Runs Cucumber Scenarios<br>Parameters: "User could log in with valid email and password", "Customer Login to Page"</td>
<td></td>
<td>17</td>
<td>org.example.testRunner.runners@42f93a98</td></tr>
<tr>
<td title='org.example.testRunner.runners.runScenario()'><b>runScenario</b><br>Test class: org.example.testRunner.runners<br>Test method: Runs Cucumber Scenarios<br>Parameters: "Logged user could filter with color", "User could Filter with color"</td>
<td></td>
<td>13</td>
<td>org.example.testRunner.runners@42f93a98</td></tr>
<tr>
<td title='org.example.testRunner.runners.runScenario()'><b>runScenario</b><br>Test class: org.example.testRunner.runners<br>Test method: Runs Cucumber Scenarios<br>Parameters: "Logged User could search for any product", "View Products, Product Search"</td>
<td></td>
<td>10</td>
<td>org.example.testRunner.runners@42f93a98</td></tr>
<tr>
<td title='org.example.testRunner.runners.runScenario()'><b>runScenario</b><br>Test class: org.example.testRunner.runners<br>Test method: Runs Cucumber Scenarios<br>Parameters: "Logged User could search for any product", "View Products, Product Search"</td>
<td></td>
<td>11</td>
<td>org.example.testRunner.runners@42f93a98</td></tr>
<tr>
<td title='org.example.testRunner.runners.runScenario()'><b>runScenario</b><br>Test class: org.example.testRunner.runners<br>Test method: Runs Cucumber Scenarios<br>Parameters: "User could reset his/her password successfully", "Customer Could Rest Password"</td>
<td></td>
<td>13</td>
<td>org.example.testRunner.runners@42f93a98</td></tr>
<tr>
<td title='org.example.testRunner.runners.runScenario()'><b>runScenario</b><br>Test class: org.example.testRunner.runners<br>Test method: Runs Cucumber Scenarios<br>Parameters: "Logged User could switch between currencies US-Euro", "Change Products Currencies"</td>
<td></td>
<td>11</td>
<td>org.example.testRunner.runners@42f93a98</td></tr>
<tr>
<td title='org.example.testRunner.runners.runScenario()'><b>runScenario</b><br>Test class: org.example.testRunner.runners<br>Test method: Runs Cucumber Scenarios<br>Parameters: "Logged User could search for any product", "View Products, Product Search"</td>
<td></td>
<td>10</td>
<td>org.example.testRunner.runners@42f93a98</td></tr>
</table><p>
</body>
</html>