<?xml version="1.0" encoding="UTF-8"?>
<!-- Generated by org.testng.reporters.JUnitXMLReporter -->
<testsuite hostname="DESKTOP-6L8JBQN" ignored="0" name="Surefire test" tests="15" failures="5" timestamp="2022-12-14T13:46:27 EET" time="245.934" errors="0">
  <testcase name="runScenario" time="18.363" classname="io.cucumber.testng.AbstractTestNGCucumberTests"/>
  <testcase name="runScenario" time="20.293" classname="io.cucumber.testng.AbstractTestNGCucumberTests">
    <failure type="java.lang.AssertionError" message="The following asserts failed:
	expected [true] but found [false]">
      <![CDATA[java.lang.AssertionError: The following asserts failed:
expected [true] but found [false]
at org.example.stepDefs.D10_Wish.userAddItemToWishlist(D10_Wish.java:22)
at ✽.user add item to Wishlist(file:///C:/Users/DELL/Desktop/demonopcommerceProject112/src/main/resources/features/F110-Wishlist.feature:14)
... Removed 2 stack frames]]>
    </failure>
  </testcase> <!-- runScenario -->
  <testcase name="runScenario" time="15.271" classname="io.cucumber.testng.AbstractTestNGCucumberTests">
    <failure type="java.lang.AssertionError" message="The following asserts failed:
	expected [true] but found [false]">
      <![CDATA[java.lang.AssertionError: The following asserts failed:
expected [true] but found [false]
at org.example.stepDefs.D11_Compare.userAddMobileToCompareList(D11_Compare.java:22)
at ✽.user add mobile to compare list(file:///C:/Users/DELL/Desktop/demonopcommerceProject112/src/main/resources/features/F111-Compare%20.feature:16)
... Removed 2 stack frames]]>
    </failure>
  </testcase> <!-- runScenario -->
  <testcase name="runScenario" time="19.531" classname="io.cucumber.testng.AbstractTestNGCucumberTests">
    <failure type="java.lang.AssertionError" message="The following asserts failed:
	expected [true] but found [false]">
      <![CDATA[java.lang.AssertionError: The following asserts failed:
expected [true] but found [false]
at org.example.stepDefs.D9_Shoping.userAddMobileToShoppingCart(D9_Shoping.java:70)
at ✽.user add mobile to Shopping cart(file:///C:/Users/DELL/Desktop/demonopcommerceProject112/src/main/resources/features/F112-SuccessfulOrder.feature:17)
... Removed 2 stack frames]]>
    </failure>
  </testcase> <!-- runScenario -->
  <testcase name="runScenario" time="17.693" classname="io.cucumber.testng.AbstractTestNGCucumberTests"/>
  <testcase name="runScenario" time="13.374" classname="io.cucumber.testng.AbstractTestNGCucumberTests"/>
  <testcase name="runScenario" time="10.673" classname="io.cucumber.testng.AbstractTestNGCucumberTests"/>
  <testcase name="runScenario" time="10.863" classname="io.cucumber.testng.AbstractTestNGCucumberTests"/>
  <testcase name="runScenario" time="11.268" classname="io.cucumber.testng.AbstractTestNGCucumberTests"/>
  <testcase name="runScenario" time="11.687" classname="io.cucumber.testng.AbstractTestNGCucumberTests"/>
  <testcase name="runScenario" time="27.337" classname="io.cucumber.testng.AbstractTestNGCucumberTests"/>
  <testcase name="runScenario" time="13.38" classname="io.cucumber.testng.AbstractTestNGCucumberTests"/>
  <testcase name="runScenario" time="16.211" classname="io.cucumber.testng.AbstractTestNGCucumberTests"/>
  <testcase name="runScenario" time="19.692" classname="io.cucumber.testng.AbstractTestNGCucumberTests">
    <failure type="java.lang.AssertionError" message="The following asserts failed:
	expected [true] but found [false]">
      <![CDATA[java.lang.AssertionError: The following asserts failed:
expected [true] but found [false]
at org.example.stepDefs.D9_Shoping.addItemsToShop(D9_Shoping.java:28)
at ✽.user add item to Shopping cart(file:///C:/Users/DELL/Desktop/demonopcommerceProject112/src/main/resources/features/F19-ShoppingCart.feature:14)
... Removed 2 stack frames]]>
    </failure>
  </testcase> <!-- runScenario -->
  <testcase name="runScenario" time="19.534" classname="io.cucumber.testng.AbstractTestNGCucumberTests">
    <failure type="java.lang.AssertionError" message="The following asserts failed:
	expected [true] but found [false]">
      <![CDATA[java.lang.AssertionError: The following asserts failed:
expected [true] but found [false]
at org.example.stepDefs.D9_Shoping.userAddMobileToShoppingCart(D9_Shoping.java:70)
at ✽.user add mobile to Shopping cart(file:///C:/Users/DELL/Desktop/demonopcommerceProject112/src/main/resources/features/F19-ShoppingCart.feature:27)
... Removed 2 stack frames]]>
    </failure>
  </testcase> <!-- runScenario -->
</testsuite> <!-- Surefire test -->
