<?xml version="1.0" encoding="UTF-8"?>
<!-- Generated by org.testng.reporters.JUnitReportReporter -->
<testsuite skipped="0" hostname="DESKTOP-6L8JBQN" name="org.example.testRunner.runners" tests="15" failures="5" timestamp="2022-12-14T13:46:27 EET" time="245.170" errors="0">
  <testcase name="runScenario" time="27.337" classname="org.example.testRunner.runners"/>
  <system-out/>
  <testcase name="runScenario" time="16.211" classname="org.example.testRunner.runners"/>
  <system-out/>
  <testcase name="runScenario" time="15.271" classname="org.example.testRunner.runners">
    <failure type="java.lang.AssertionError" message="The following asserts failed:
	expected [true] but found [false]">
      <![CDATA[java.lang.AssertionError: The following asserts failed:
expected [true] but found [false]
at org.testng.asserts.SoftAssert.assertAll(SoftAssert.java:46)
at org.testng.asserts.SoftAssert.assertAll(SoftAssert.java:30)
at org.example.stepDefs.D11_Compare.userAddMobileToCompareList(D11_Compare.java:22)
at ✽.user add mobile to compare list(file:///C:/Users/DELL/Desktop/demonopcommerceProject112/src/main/resources/features/F111-Compare%20.feature:16)
]]>
    </failure>
  </testcase> <!-- runScenario -->
  <system-out/>
  <testcase name="runScenario" time="19.534" classname="org.example.testRunner.runners">
    <failure type="java.lang.AssertionError" message="The following asserts failed:
	expected [true] but found [false]">
      <![CDATA[java.lang.AssertionError: The following asserts failed:
expected [true] but found [false]
at org.testng.asserts.SoftAssert.assertAll(SoftAssert.java:46)
at org.testng.asserts.SoftAssert.assertAll(SoftAssert.java:30)
at org.example.stepDefs.D9_Shoping.userAddMobileToShoppingCart(D9_Shoping.java:70)
at ✽.user add mobile to Shopping cart(file:///C:/Users/DELL/Desktop/demonopcommerceProject112/src/main/resources/features/F19-ShoppingCart.feature:27)
]]>
    </failure>
  </testcase> <!-- runScenario -->
  <system-out/>
  <testcase name="runScenario" time="11.268" classname="org.example.testRunner.runners"/>
  <system-out/>
  <testcase name="runScenario" time="11.687" classname="org.example.testRunner.runners"/>
  <system-out/>
  <testcase name="runScenario" time="10.863" classname="org.example.testRunner.runners"/>
  <system-out/>
  <testcase name="runScenario" time="18.363" classname="org.example.testRunner.runners"/>
  <system-out/>
  <testcase name="runScenario" time="17.693" classname="org.example.testRunner.runners"/>
  <system-out/>
  <testcase name="runScenario" time="13.380" classname="org.example.testRunner.runners"/>
  <system-out/>
  <testcase name="runScenario" time="10.673" classname="org.example.testRunner.runners"/>
  <system-out/>
  <testcase name="runScenario" time="13.374" classname="org.example.testRunner.runners"/>
  <system-out/>
  <testcase name="runScenario" time="19.692" classname="org.example.testRunner.runners">
    <failure type="java.lang.AssertionError" message="The following asserts failed:
	expected [true] but found [false]">
      <![CDATA[java.lang.AssertionError: The following asserts failed:
expected [true] but found [false]
at org.testng.asserts.SoftAssert.assertAll(SoftAssert.java:46)
at org.testng.asserts.SoftAssert.assertAll(SoftAssert.java:30)
at org.example.stepDefs.D9_Shoping.addItemsToShop(D9_Shoping.java:28)
at ✽.user add item to Shopping cart(file:///C:/Users/DELL/Desktop/demonopcommerceProject112/src/main/resources/features/F19-ShoppingCart.feature:14)
]]>
    </failure>
  </testcase> <!-- runScenario -->
  <system-out/>
  <testcase name="runScenario" time="19.531" classname="org.example.testRunner.runners">
    <failure type="java.lang.AssertionError" message="The following asserts failed:
	expected [true] but found [false]">
      <![CDATA[java.lang.AssertionError: The following asserts failed:
expected [true] but found [false]
at org.testng.asserts.SoftAssert.assertAll(SoftAssert.java:46)
at org.testng.asserts.SoftAssert.assertAll(SoftAssert.java:30)
at org.example.stepDefs.D9_Shoping.userAddMobileToShoppingCart(D9_Shoping.java:70)
at ✽.user add mobile to Shopping cart(file:///C:/Users/DELL/Desktop/demonopcommerceProject112/src/main/resources/features/F112-SuccessfulOrder.feature:17)
]]>
    </failure>
  </testcase> <!-- runScenario -->
  <system-out/>
  <testcase name="runScenario" time="20.293" classname="org.example.testRunner.runners">
    <failure type="java.lang.AssertionError" message="The following asserts failed:
	expected [true] but found [false]">
      <![CDATA[java.lang.AssertionError: The following asserts failed:
expected [true] but found [false]
at org.testng.asserts.SoftAssert.assertAll(SoftAssert.java:46)
at org.testng.asserts.SoftAssert.assertAll(SoftAssert.java:30)
at org.example.stepDefs.D10_Wish.userAddItemToWishlist(D10_Wish.java:22)
at ✽.user add item to Wishlist(file:///C:/Users/DELL/Desktop/demonopcommerceProject112/src/main/resources/features/F110-Wishlist.feature:14)
]]>
    </failure>
  </testcase> <!-- runScenario -->
  <system-out/>
</testsuite> <!-- org.example.testRunner.runners -->
